PRIM ALGORITHM RESULTS (Overall Runtime (ms) = 137)
	T	S	R	Q	P	O	N	M	L	K	J	I	H	G	F	E	D	C	B	A	
T	0	19	0	0	0	0	0	0	0	0	0	0	0	0	0	0	0	0	0	0	
S	19	0	18	0	0	0	0	0	0	0	0	0	0	0	0	0	0	0	0	0	
R	0	18	0	17	0	0	0	0	0	0	0	0	0	0	0	0	0	0	0	0	
Q	0	0	17	0	16	0	0	0	0	0	0	0	0	0	0	0	0	0	0	0	
P	0	0	0	16	0	15	0	0	0	0	0	0	0	0	0	0	0	0	0	0	
O	0	0	0	0	15	0	14	0	0	0	0	0	0	0	0	0	0	0	0	0	
N	0	0	0	0	0	14	0	13	0	0	0	0	0	0	0	0	0	0	0	0	
M	0	0	0	0	0	0	13	0	12	0	0	0	0	0	0	0	0	0	0	0	
L	0	0	0	0	0	0	0	12	0	11	0	0	0	0	0	0	0	0	0	0	
K	0	0	0	0	0	0	0	0	11	0	10	0	0	0	0	0	0	0	0	0	
J	0	0	0	0	0	0	0	0	0	10	0	9	0	0	0	0	0	0	0	0	
I	0	0	0	0	0	0	0	0	0	0	9	0	8	0	0	0	0	0	0	0	
H	0	0	0	0	0	0	0	0	0	0	0	8	0	7	0	0	0	0	0	0	
G	0	0	0	0	0	0	0	0	0	0	0	0	7	0	6	0	0	0	0	0	
F	0	0	0	0	0	0	0	0	0	0	0	0	0	6	0	5	0	0	0	0	
E	0	0	0	0	0	0	0	0	0	0	0	0	0	0	5	0	4	0	0	0	
D	0	0	0	0	0	0	0	0	0	0	0	0	0	0	0	4	0	3	0	0	
C	0	0	0	0	0	0	0	0	0	0	0	0	0	0	0	0	3	0	2	0	
B	0	0	0	0	0	0	0	0	0	0	0	0	0	0	0	0	0	2	0	1	
A	0	0	0	0	0	0	0	0	0	0	0	0	0	0	0	0	0	0	1	0	

KRUSKAL ALGORITHM RESULTS (Overall Runtime (ms) = 44)
	T	S	R	Q	P	O	N	M	L	K	J	I	H	G	F	E	D	C	B	A	
T	0	19	0	0	0	0	0	0	0	0	0	0	0	0	0	0	0	0	0	0	
S	19	0	18	0	0	0	0	0	0	0	0	0	0	0	0	0	0	0	0	0	
R	0	18	0	17	0	0	0	0	0	0	0	0	0	0	0	0	0	0	0	0	
Q	0	0	17	0	16	0	0	0	0	0	0	0	0	0	0	0	0	0	0	0	
P	0	0	0	16	0	15	0	0	0	0	0	0	0	0	0	0	0	0	0	0	
O	0	0	0	0	15	0	14	0	0	0	0	0	0	0	0	0	0	0	0	0	
N	0	0	0	0	0	14	0	13	0	0	0	0	0	0	0	0	0	0	0	0	
M	0	0	0	0	0	0	13	0	12	0	0	0	0	0	0	0	0	0	0	0	
L	0	0	0	0	0	0	0	12	0	11	0	0	0	0	0	0	0	0	0	0	
K	0	0	0	0	0	0	0	0	11	0	10	0	0	0	0	0	0	0	0	0	
J	0	0	0	0	0	0	0	0	0	10	0	9	0	0	0	0	0	0	0	0	
I	0	0	0	0	0	0	0	0	0	0	9	0	8	0	0	0	0	0	0	0	
H	0	0	0	0	0	0	0	0	0	0	0	8	0	7	0	0	0	0	0	0	
G	0	0	0	0	0	0	0	0	0	0	0	0	7	0	6	0	0	0	0	0	
F	0	0	0	0	0	0	0	0	0	0	0	0	0	6	0	5	0	0	0	0	
E	0	0	0	0	0	0	0	0	0	0	0	0	0	0	5	0	4	0	0	0	
D	0	0	0	0	0	0	0	0	0	0	0	0	0	0	0	4	0	3	0	0	
C	0	0	0	0	0	0	0	0	0	0	0	0	0	0	0	0	3	0	2	0	
B	0	0	0	0	0	0	0	0	0	0	0	0	0	0	0	0	0	2	0	1	
A	0	0	0	0	0	0	0	0	0	0	0	0	0	0	0	0	0	0	1	0	

