PRIM ALGORITHM RESULTS (Overall Runtime (ms) = 6)
	D	C	B	A	J	I	H	G	F	E	
D	0	3	0	0	0	0	0	0	0	4	
C	3	0	2	0	0	0	0	0	0	0	
B	0	2	0	1	0	0	0	0	0	0	
A	0	0	1	0	0	0	0	0	0	0	
J	0	0	0	0	0	9	0	0	0	0	
I	0	0	0	0	9	0	8	0	0	0	
H	0	0	0	0	0	8	0	7	0	0	
G	0	0	0	0	0	0	7	0	6	0	
F	0	0	0	0	0	0	0	6	0	5	
E	4	0	0	0	0	0	0	0	5	0	

KRUSKAL ALGORITHM RESULTS (Overall Runtime (ms) = 9)
	D	C	B	A	J	I	H	G	F	E	
D	0	3	0	0	0	0	0	0	0	4	
C	3	0	2	0	0	0	0	0	0	0	
B	0	2	0	1	0	0	0	0	0	0	
A	0	0	1	0	0	0	0	0	0	0	
J	0	0	0	0	0	9	0	0	0	0	
I	0	0	0	0	9	0	8	0	0	0	
H	0	0	0	0	0	8	0	7	0	0	
G	0	0	0	0	0	0	7	0	6	0	
F	0	0	0	0	0	0	0	6	0	5	
E	4	0	0	0	0	0	0	0	5	0	

